Active-HDL 13.0.375.8320 2023-08-18 10:30:28

Elaboration top modules:
Architecture                  Behavioral(YourEntity)


-----------------------------------------------------------------------------------------------------
Entity     | Architecture         | Library | Info | Compiler Version          | Compilation Options
-----------------------------------------------------------------------------------------------------
YourEntity | Behavioral           | ve_tinh |      | 13.0.375.8320 (Windows64) | -dbg
SPI_Slave  | SPI_Slave_Behavioral | ve_tinh |      | 13.0.375.8320 (Windows64) | -dbg
-----------------------------------------------------------------------------------------------------

-----------------------------------------------------------------------------------------------------
VHDL Package                      | Library | Info | Compiler Version          | Compilation Options
-----------------------------------------------------------------------------------------------------
standard                          | std     |      |                           | <unavailable>
TEXTIO                            | std     |      | 13.0.375.8320 (Windows64) |  -2019
std_logic_1164                    | ieee    |      | 13.0.375.8320 (Windows64) |  -2008
KL_Simulator                      | ve_tinh |      | 13.0.375.8320 (Windows64) | -dbg
NUMERIC_STD                       | ieee    |      | 13.0.375.8320 (Windows64) |  -2008
-----------------------------------------------------------------------------------------------------

-----------------------------------------------------------------------------------------------------
Library                           | Comment
-----------------------------------------------------------------------------------------------------
ieee                              | Standard IEEE packages library
std                               | Standard VHDL library
ve_tinh                           | None
-----------------------------------------------------------------------------------------------------
